<?xml version="1.0" encoding="UTF-8"?>
<!-- Generated by org.testng.reporters.JUnitReportReporter -->
<testsuite skipped="0" hostname="Yanas-MacBook-Pro.local" name="HomeDepotBoot.Register_Test" tests="2" failures="0" timestamp="18 Mar 2020 21:26:05 GMT" time="2.814" errors="0">
  <testcase name="f" time="1.104" classname="HomeDepotBoot.Register_Test"/>
  <testcase name="f" time="1.710" classname="HomeDepotBoot.Register_Test"/>
</testsuite> <!-- HomeDepotBoot.Register_Test -->
