<?xml version="1.0" encoding="UTF-8"?>
<!-- Generated by org.testng.reporters.JUnitReportReporter -->
<testsuite skipped="0" hostname="Yanas-MacBook-Pro.local" name="BootCamp.HomeDepot.Registration" tests="1" failures="0" timestamp="17 Mar 2020 02:35:06 GMT" time="6.080" errors="0">
  <testcase name="f" time="6.080" classname="BootCamp.HomeDepot.Registration"/>
</testsuite> <!-- BootCamp.HomeDepot.Registration -->
